# JRE version: Java(TM) SE Runtime Environment (8.0_181-b13) (build 1.8.0_181-b13)
# Java VM: Java HotSpot(TM) 64-Bit Server VM (25.181-b13 mixed mode windows-amd64 compressed oops)
Heap:
 PSYoungGen      total 247296K, used 19154K [0x00000000eb200000, 0x00000000fb900000, 0x0000000100000000)
  eden space 236032K, 7% used [0x00000000eb200000,0x00000000ec444af0,0x00000000f9880000)
  from space 11264K, 3% used [0x00000000fa300000,0x00000000fa370000,0x00000000fae00000)
  to   space 11264K, 0% used [0x00000000fae00000,0x00000000fae00000,0x00000000fb900000)
 ParOldGen       total 94720K, used 41527K [0x00000000c1600000, 0x00000000c7280000, 0x00000000eb200000)
  object space 94720K, 43% used [0x00000000c1600000,0x00000000c3e8df88,0x00000000c7280000)
 Metaspace       used 65275K, capacity 68332K, committed 68520K, reserved 1107968K
  class space    used 8563K, capacity 9062K, committed 9128K, reserved 1048576K
GC Heap History (10 events):
Event: 109.786 GC heap before
{Heap before GC invocations=30 (full 3):
 PSYoungGen      total 260608K, used 256304K [0x00000000eb200000, 0x00000000fbb80000, 0x0000000100000000)
  eden space 251392K, 100% used [0x00000000eb200000,0x00000000fa780000,0x00000000fa780000)
  from space 9216K, 53% used [0x00000000fb280000,0x00000000fb74c0e0,0x00000000fbb80000)
  to   space 10240K, 0% used [0x00000000fa780000,0x00000000fa780000,0x00000000fb180000)
 ParOldGen       total 94720K, used 36866K [0x00000000c1600000, 0x00000000c7280000, 0x00000000eb200000)
  object space 94720K, 38% used [0x00000000c1600000,0x00000000c3a00bb0,0x00000000c7280000)
 Metaspace       used 65256K, capacity 68332K, committed 68520K, reserved 1107968K
  class space    used 8563K, capacity 9062K, committed 9128K, reserved 1048576K
Event: 109.799 GC heap after
Heap after GC invocations=30 (full 3):
 PSYoungGen      total 261632K, used 608K [0x00000000eb200000, 0x00000000fc300000, 0x0000000100000000)
  eden space 251392K, 0% used [0x00000000eb200000,0x00000000eb200000,0x00000000fa780000)
  from space 10240K, 5% used [0x00000000fa780000,0x00000000fa818000,0x00000000fb180000)
  to   space 10752K, 0% used [0x00000000fb880000,0x00000000fb880000,0x00000000fc300000)
 ParOldGen       total 94720K, used 41303K [0x00000000c1600000, 0x00000000c7280000, 0x00000000eb200000)
  object space 94720K, 43% used [0x00000000c1600000,0x00000000c3e55f88,0x00000000c7280000)
 Metaspace       used 65256K, capacity 68332K, committed 68520K, reserved 1107968K
  class space    used 8563K, capacity 9062K, committed 9128K, reserved 1048576K
}
Event: 115.394 GC heap before
{Heap before GC invocations=31 (full 3):
 PSYoungGen      total 261632K, used 252000K [0x00000000eb200000, 0x00000000fc300000, 0x0000000100000000)
  eden space 251392K, 100% used [0x00000000eb200000,0x00000000fa780000,0x00000000fa780000)
  from space 10240K, 5% used [0x00000000fa780000,0x00000000fa818000,0x00000000fb180000)
  to   space 10752K, 0% used [0x00000000fb880000,0x00000000fb880000,0x00000000fc300000)
 ParOldGen       total 94720K, used 41303K [0x00000000c1600000, 0x00000000c7280000, 0x00000000eb200000)
  object space 94720K, 43% used [0x00000000c1600000,0x00000000c3e55f88,0x00000000c7280000)
 Metaspace       used 65256K, capacity 68332K, committed 68520K, reserved 1107968K
  class space    used 8563K, capacity 9062K, committed 9128K, reserved 1048576K
Event: 115.399 GC heap after
Heap after GC invocations=31 (full 3):
 PSYoungGen      total 267776K, used 448K [0x00000000eb200000, 0x00000000fc300000, 0x0000000100000000)
  eden space 257024K, 0% used [0x00000000eb200000,0x00000000eb200000,0x00000000fad00000)
  from space 10752K, 4% used [0x00000000fb880000,0x00000000fb8f0000,0x00000000fc300000)
  to   space 11264K, 0% used [0x00000000fad00000,0x00000000fad00000,0x00000000fb800000)
 ParOldGen       total 94720K, used 41415K [0x00000000c1600000, 0x00000000c7280000, 0x00000000eb200000)
  object space 94720K, 43% used [0x00000000c1600000,0x00000000c3e71f88,0x00000000c7280000)
 Metaspace       used 65256K, capacity 68332K, committed 68520K, reserved 1107968K
  class space    used 8563K, capacity 9062K, committed 9128K, reserved 1048576K
}
Event: 122.573 GC heap before
{Heap before GC invocations=32 (full 3):
 PSYoungGen      total 267776K, used 257472K [0x00000000eb200000, 0x00000000fc300000, 0x0000000100000000)
  eden space 257024K, 100% used [0x00000000eb200000,0x00000000fad00000,0x00000000fad00000)
  from space 10752K, 4% used [0x00000000fb880000,0x00000000fb8f0000,0x00000000fc300000)
  to   space 11264K, 0% used [0x00000000fad00000,0x00000000fad00000,0x00000000fb800000)
 ParOldGen       total 94720K, used 41415K [0x00000000c1600000, 0x00000000c7280000, 0x00000000eb200000)
  object space 94720K, 43% used [0x00000000c1600000,0x00000000c3e71f88,0x00000000c7280000)
 Metaspace       used 65261K, capacity 68332K, committed 68520K, reserved 1107968K
  class space    used 8563K, capacity 9062K, committed 9128K, reserved 1048576K
Event: 122.577 GC heap after
Heap after GC invocations=32 (full 3):
 PSYoungGen      total 268288K, used 352K [0x00000000eb200000, 0x00000000fc300000, 0x0000000100000000)
  eden space 257024K, 0% used [0x00000000eb200000,0x00000000eb200000,0x00000000fad00000)
  from space 11264K, 3% used [0x00000000fad00000,0x00000000fad58000,0x00000000fb800000)
  to   space 10752K, 0% used [0x00000000fb880000,0x00000000fb880000,0x00000000fc300000)
 ParOldGen       total 94720K, used 41463K [0x00000000c1600000, 0x00000000c7280000, 0x00000000eb200000)
  object space 94720K, 43% used [0x00000000c1600000,0x00000000c3e7df88,0x00000000c7280000)
 Metaspace       used 65261K, capacity 68332K, committed 68520K, reserved 1107968K
  class space    used 8563K, capacity 9062K, committed 9128K, reserved 1048576K
}
Event: 130.891 GC heap before
{Heap before GC invocations=33 (full 3):
 PSYoungGen      total 268288K, used 257376K [0x00000000eb200000, 0x00000000fc300000, 0x0000000100000000)
  eden space 257024K, 100% used [0x00000000eb200000,0x00000000fad00000,0x00000000fad00000)
  from space 11264K, 3% used [0x00000000fad00000,0x00000000fad58000,0x00000000fb800000)
  to   space 10752K, 0% used [0x00000000fb880000,0x00000000fb880000,0x00000000fc300000)
 ParOldGen       total 94720K, used 41463K [0x00000000c1600000, 0x00000000c7280000, 0x00000000eb200000)
  object space 94720K, 43% used [0x00000000c1600000,0x00000000c3e7df88,0x00000000c7280000)
 Metaspace       used 65261K, capacity 68332K, committed 68520K, reserved 1107968K
  class space    used 8563K, capacity 9062K, committed 9128K, reserved 1048576K
Event: 130.896 GC heap after
Heap after GC invocations=33 (full 3):
 PSYoungGen      total 246784K, used 352K [0x00000000eb200000, 0x00000000fb900000, 0x0000000100000000)
  eden space 246272K, 0% used [0x00000000eb200000,0x00000000eb200000,0x00000000fa280000)
  from space 512K, 68% used [0x00000000fb880000,0x00000000fb8d8000,0x00000000fb900000)
  to   space 11264K, 0% used [0x00000000fa300000,0x00000000fa300000,0x00000000fae00000)
 ParOldGen       total 94720K, used 41495K [0x00000000c1600000, 0x00000000c7280000, 0x00000000eb200000)
  object space 94720K, 43% used [0x00000000c1600000,0x00000000c3e85f88,0x00000000c7280000)
 Metaspace       used 65261K, capacity 68332K, committed 68520K, reserved 1107968K
  class space    used 8563K, capacity 9062K, committed 9128K, reserved 1048576K
}
Event: 140.967 GC heap before
{Heap before GC invocations=34 (full 3):
 PSYoungGen      total 246784K, used 246624K [0x00000000eb200000, 0x00000000fb900000, 0x0000000100000000)
  eden space 246272K, 100% used [0x00000000eb200000,0x00000000fa280000,0x00000000fa280000)
  from space 512K, 68% used [0x00000000fb880000,0x00000000fb8d8000,0x00000000fb900000)
  to   space 11264K, 0% used [0x00000000fa300000,0x00000000fa300000,0x00000000fae00000)
 ParOldGen       total 94720K, used 41495K [0x00000000c1600000, 0x00000000c7280000, 0x00000000eb200000)
  object space 94720K, 43% used [0x00000000c1600000,0x00000000c3e85f88,0x00000000c7280000)
 Metaspace       used 65270K, capacity 68332K, committed 68520K, reserved 1107968K
  class space    used 8563K, capacity 9062K, committed 9128K, reserved 1048576K
Event: 140.970 GC heap after
Heap after GC invocations=34 (full 3):
 PSYoungGen      total 247296K, used 448K [0x00000000eb200000, 0x00000000fb900000, 0x0000000100000000)
  eden space 236032K, 0% used [0x00000000eb200000,0x00000000eb200000,0x00000000f9880000)
  from space 11264K, 3% used [0x00000000fa300000,0x00000000fa370000,0x00000000fae00000)
  to   space 11264K, 0% used [0x00000000fae00000,0x00000000fae00000,0x00000000fb900000)
 ParOldGen       total 94720K, used 41527K [0x00000000c1600000, 0x00000000c7280000, 0x00000000eb200000)
  object space 94720K, 43% used [0x00000000c1600000,0x00000000c3e8df88,0x00000000c7280000)
 Metaspace       used 65270K, capacity 68332K, committed 68520K, reserved 1107968K
  class space    used 8563K, capacity 9062K, committed 9128K, reserved 1048576K
}

