# JRE version: Java(TM) SE Runtime Environment (8.0_181-b13) (build 1.8.0_181-b13)
# Java VM: Java HotSpot(TM) 64-Bit Server VM (25.181-b13 mixed mode windows-amd64 compressed oops)
Heap:
 PSYoungGen      total 325632K, used 84892K [0x00000000eb200000, 0x00000000ffd80000, 0x0000000100000000)
  eden space 311808K, 27% used [0x00000000eb200000,0x00000000f04670b8,0x00000000fe280000)
  from space 13824K, 3% used [0x00000000fe280000,0x00000000fe300000,0x00000000ff000000)
  to   space 12800K, 0% used [0x00000000ff100000,0x00000000ff100000,0x00000000ffd80000)
 ParOldGen       total 73216K, used 28551K [0x00000000c1600000, 0x00000000c5d80000, 0x00000000eb200000)
  object space 73216K, 38% used [0x00000000c1600000,0x00000000c31e1da8,0x00000000c5d80000)
 Metaspace       used 65304K, capacity 68416K, committed 68504K, reserved 1107968K
  class space    used 8565K, capacity 9068K, committed 9128K, reserved 1048576K
GC Heap History (10 events):
Event: 65.608 GC heap before
{Heap before GC invocations=22 (full 3):
 PSYoungGen      total 324608K, used 309568K [0x00000000eb200000, 0x00000000fff00000, 0x0000000100000000)
  eden space 309248K, 100% used [0x00000000eb200000,0x00000000fe000000,0x00000000fe000000)
  from space 15360K, 2% used [0x00000000ff000000,0x00000000ff050000,0x00000000fff00000)
  to   space 15872K, 0% used [0x00000000fe000000,0x00000000fe000000,0x00000000fef80000)
 ParOldGen       total 73216K, used 28535K [0x00000000c1600000, 0x00000000c5d80000, 0x00000000eb200000)
  object space 73216K, 38% used [0x00000000c1600000,0x00000000c31ddda8,0x00000000c5d80000)
 Metaspace       used 65111K, capacity 68206K, committed 68504K, reserved 1107968K
  class space    used 8533K, capacity 9053K, committed 9128K, reserved 1048576K
Event: 65.613 GC heap after
Heap after GC invocations=22 (full 3):
 PSYoungGen      total 325120K, used 384K [0x00000000eb200000, 0x0000000100000000, 0x0000000100000000)
  eden space 309248K, 0% used [0x00000000eb200000,0x00000000eb200000,0x00000000fe000000)
  from space 15872K, 2% used [0x00000000fe000000,0x00000000fe060000,0x00000000fef80000)
  to   space 15872K, 0% used [0x00000000ff080000,0x00000000ff080000,0x0000000100000000)
 ParOldGen       total 73216K, used 28535K [0x00000000c1600000, 0x00000000c5d80000, 0x00000000eb200000)
  object space 73216K, 38% used [0x00000000c1600000,0x00000000c31ddda8,0x00000000c5d80000)
 Metaspace       used 65111K, capacity 68206K, committed 68504K, reserved 1107968K
  class space    used 8533K, capacity 9053K, committed 9128K, reserved 1048576K
}
Event: 74.775 GC heap before
{Heap before GC invocations=23 (full 3):
 PSYoungGen      total 325120K, used 309632K [0x00000000eb200000, 0x0000000100000000, 0x0000000100000000)
  eden space 309248K, 100% used [0x00000000eb200000,0x00000000fe000000,0x00000000fe000000)
  from space 15872K, 2% used [0x00000000fe000000,0x00000000fe060000,0x00000000fef80000)
  to   space 15872K, 0% used [0x00000000ff080000,0x00000000ff080000,0x0000000100000000)
 ParOldGen       total 73216K, used 28535K [0x00000000c1600000, 0x00000000c5d80000, 0x00000000eb200000)
  object space 73216K, 38% used [0x00000000c1600000,0x00000000c31ddda8,0x00000000c5d80000)
 Metaspace       used 65285K, capacity 68416K, committed 68504K, reserved 1107968K
  class space    used 8565K, capacity 9068K, committed 9128K, reserved 1048576K
Event: 74.780 GC heap after
Heap after GC invocations=23 (full 3):
 PSYoungGen      total 325120K, used 544K [0x00000000eb200000, 0x00000000fff00000, 0x0000000100000000)
  eden space 310272K, 0% used [0x00000000eb200000,0x00000000eb200000,0x00000000fe100000)
  from space 14848K, 3% used [0x00000000ff080000,0x00000000ff108000,0x00000000fff00000)
  to   space 15360K, 0% used [0x00000000fe100000,0x00000000fe100000,0x00000000ff000000)
 ParOldGen       total 73216K, used 28543K [0x00000000c1600000, 0x00000000c5d80000, 0x00000000eb200000)
  object space 73216K, 38% used [0x00000000c1600000,0x00000000c31dfda8,0x00000000c5d80000)
 Metaspace       used 65285K, capacity 68416K, committed 68504K, reserved 1107968K
  class space    used 8565K, capacity 9068K, committed 9128K, reserved 1048576K
}
Event: 81.272 GC heap before
{Heap before GC invocations=24 (full 3):
 PSYoungGen      total 325120K, used 310816K [0x00000000eb200000, 0x00000000fff00000, 0x0000000100000000)
  eden space 310272K, 100% used [0x00000000eb200000,0x00000000fe100000,0x00000000fe100000)
  from space 14848K, 3% used [0x00000000ff080000,0x00000000ff108000,0x00000000fff00000)
  to   space 15360K, 0% used [0x00000000fe100000,0x00000000fe100000,0x00000000ff000000)
 ParOldGen       total 73216K, used 28543K [0x00000000c1600000, 0x00000000c5d80000, 0x00000000eb200000)
  object space 73216K, 38% used [0x00000000c1600000,0x00000000c31dfda8,0x00000000c5d80000)
 Metaspace       used 65291K, capacity 68416K, committed 68504K, reserved 1107968K
  class space    used 8565K, capacity 9068K, committed 9128K, reserved 1048576K
Event: 81.277 GC heap after
Heap after GC invocations=24 (full 3):
 PSYoungGen      total 325632K, used 320K [0x00000000eb200000, 0x00000000fff80000, 0x0000000100000000)
  eden space 310272K, 0% used [0x00000000eb200000,0x00000000eb200000,0x00000000fe100000)
  from space 15360K, 2% used [0x00000000fe100000,0x00000000fe150000,0x00000000ff000000)
  to   space 14848K, 0% used [0x00000000ff100000,0x00000000ff100000,0x00000000fff80000)
 ParOldGen       total 73216K, used 28551K [0x00000000c1600000, 0x00000000c5d80000, 0x00000000eb200000)
  object space 73216K, 38% used [0x00000000c1600000,0x00000000c31e1da8,0x00000000c5d80000)
 Metaspace       used 65291K, capacity 68416K, committed 68504K, reserved 1107968K
  class space    used 8565K, capacity 9068K, committed 9128K, reserved 1048576K
}
Event: 87.315 GC heap before
{Heap before GC invocations=25 (full 3):
 PSYoungGen      total 325632K, used 310592K [0x00000000eb200000, 0x00000000fff80000, 0x0000000100000000)
  eden space 310272K, 100% used [0x00000000eb200000,0x00000000fe100000,0x00000000fe100000)
  from space 15360K, 2% used [0x00000000fe100000,0x00000000fe150000,0x00000000ff000000)
  to   space 14848K, 0% used [0x00000000ff100000,0x00000000ff100000,0x00000000fff80000)
 ParOldGen       total 73216K, used 28551K [0x00000000c1600000, 0x00000000c5d80000, 0x00000000eb200000)
  object space 73216K, 38% used [0x00000000c1600000,0x00000000c31e1da8,0x00000000c5d80000)
 Metaspace       used 65300K, capacity 68416K, committed 68504K, reserved 1107968K
  class space    used 8565K, capacity 9068K, committed 9128K, reserved 1048576K
Event: 87.319 GC heap after
Heap after GC invocations=25 (full 3):
 PSYoungGen      total 324608K, used 320K [0x00000000eb200000, 0x00000000ffd80000, 0x0000000100000000)
  eden space 311808K, 0% used [0x00000000eb200000,0x00000000eb200000,0x00000000fe280000)
  from space 12800K, 2% used [0x00000000ff100000,0x00000000ff150000,0x00000000ffd80000)
  to   space 13824K, 0% used [0x00000000fe280000,0x00000000fe280000,0x00000000ff000000)
 ParOldGen       total 73216K, used 28551K [0x00000000c1600000, 0x00000000c5d80000, 0x00000000eb200000)
  object space 73216K, 38% used [0x00000000c1600000,0x00000000c31e1da8,0x00000000c5d80000)
 Metaspace       used 65300K, capacity 68416K, committed 68504K, reserved 1107968K
  class space    used 8565K, capacity 9068K, committed 9128K, reserved 1048576K
}
Event: 95.038 GC heap before
{Heap before GC invocations=26 (full 3):
 PSYoungGen      total 324608K, used 312128K [0x00000000eb200000, 0x00000000ffd80000, 0x0000000100000000)
  eden space 311808K, 100% used [0x00000000eb200000,0x00000000fe280000,0x00000000fe280000)
  from space 12800K, 2% used [0x00000000ff100000,0x00000000ff150000,0x00000000ffd80000)
  to   space 13824K, 0% used [0x00000000fe280000,0x00000000fe280000,0x00000000ff000000)
 ParOldGen       total 73216K, used 28551K [0x00000000c1600000, 0x00000000c5d80000, 0x00000000eb200000)
  object space 73216K, 38% used [0x00000000c1600000,0x00000000c31e1da8,0x00000000c5d80000)
 Metaspace       used 65303K, capacity 68416K, committed 68504K, reserved 1107968K
  class space    used 8565K, capacity 9068K, committed 9128K, reserved 1048576K
Event: 95.040 GC heap after
Heap after GC invocations=26 (full 3):
 PSYoungGen      total 325632K, used 512K [0x00000000eb200000, 0x00000000ffd80000, 0x0000000100000000)
  eden space 311808K, 0% used [0x00000000eb200000,0x00000000eb200000,0x00000000fe280000)
  from space 13824K, 3% used [0x00000000fe280000,0x00000000fe300000,0x00000000ff000000)
  to   space 12800K, 0% used [0x00000000ff100000,0x00000000ff100000,0x00000000ffd80000)
 ParOldGen       total 73216K, used 28551K [0x00000000c1600000, 0x00000000c5d80000, 0x00000000eb200000)
  object space 73216K, 38% used [0x00000000c1600000,0x00000000c31e1da8,0x00000000c5d80000)
 Metaspace       used 65303K, capacity 68416K, committed 68504K, reserved 1107968K
  class space    used 8565K, capacity 9068K, committed 9128K, reserved 1048576K
}

