# JRE version: Java(TM) SE Runtime Environment (8.0_181-b13) (build 1.8.0_181-b13)
# Java VM: Java HotSpot(TM) 64-Bit Server VM (25.181-b13 mixed mode windows-amd64 compressed oops)
Heap:
 PSYoungGen      total 182272K, used 16500K [0x00000000eb200000, 0x00000000fb480000, 0x0000000100000000)
  eden space 165888K, 4% used [0x00000000eb200000,0x00000000eb9c9870,0x00000000f5400000)
  from space 16384K, 52% used [0x00000000f5400000,0x00000000f5c537d8,0x00000000f6400000)
  to   space 15872K, 0% used [0x00000000fa500000,0x00000000fa500000,0x00000000fb480000)
 ParOldGen       total 74240K, used 23894K [0x00000000c1600000, 0x00000000c5e80000, 0x00000000eb200000)
  object space 74240K, 32% used [0x00000000c1600000,0x00000000c2d55860,0x00000000c5e80000)
 Metaspace       used 64094K, capacity 67148K, committed 67480K, reserved 1107968K
  class space    used 8522K, capacity 9018K, committed 9128K, reserved 1048576K
GC Heap History (10 events):
Event: 9.521 GC heap before
{Heap before GC invocations=12 (full 2):
 PSYoungGen      total 107520K, used 99328K [0x00000000eb200000, 0x00000000f4d00000, 0x0000000100000000)
  eden space 99328K, 100% used [0x00000000eb200000,0x00000000f1300000,0x00000000f1300000)
  from space 8192K, 0% used [0x00000000f1300000,0x00000000f1300000,0x00000000f1b00000)
  to   space 12288K, 0% used [0x00000000f4100000,0x00000000f4100000,0x00000000f4d00000)
 ParOldGen       total 62976K, used 20644K [0x00000000c1600000, 0x00000000c5380000, 0x00000000eb200000)
  object space 62976K, 32% used [0x00000000c1600000,0x00000000c2a290e0,0x00000000c5380000)
 Metaspace       used 39500K, capacity 41256K, committed 41512K, reserved 1085440K
  class space    used 5072K, capacity 5380K, committed 5416K, reserved 1048576K
Event: 9.535 GC heap after
Heap after GC invocations=12 (full 2):
 PSYoungGen      total 135168K, used 6502K [0x00000000eb200000, 0x00000000f4780000, 0x0000000100000000)
  eden space 128512K, 0% used [0x00000000eb200000,0x00000000eb200000,0x00000000f2f80000)
  from space 6656K, 97% used [0x00000000f4100000,0x00000000f4759ae8,0x00000000f4780000)
  to   space 11776K, 0% used [0x00000000f3080000,0x00000000f3080000,0x00000000f3c00000)
 ParOldGen       total 62976K, used 20652K [0x00000000c1600000, 0x00000000c5380000, 0x00000000eb200000)
  object space 62976K, 32% used [0x00000000c1600000,0x00000000c2a2b0e0,0x00000000c5380000)
 Metaspace       used 39500K, capacity 41256K, committed 41512K, reserved 1085440K
  class space    used 5072K, capacity 5380K, committed 5416K, reserved 1048576K
}
Event: 12.607 GC heap before
{Heap before GC invocations=13 (full 2):
 PSYoungGen      total 135168K, used 135014K [0x00000000eb200000, 0x00000000f4780000, 0x0000000100000000)
  eden space 128512K, 100% used [0x00000000eb200000,0x00000000f2f80000,0x00000000f2f80000)
  from space 6656K, 97% used [0x00000000f4100000,0x00000000f4759ae8,0x00000000f4780000)
  to   space 11776K, 0% used [0x00000000f3080000,0x00000000f3080000,0x00000000f3c00000)
 ParOldGen       total 62976K, used 20652K [0x00000000c1600000, 0x00000000c5380000, 0x00000000eb200000)
  object space 62976K, 32% used [0x00000000c1600000,0x00000000c2a2b0e0,0x00000000c5380000)
 Metaspace       used 56495K, capacity 58984K, committed 59160K, reserved 1099776K
  class space    used 7725K, capacity 8164K, committed 8232K, reserved 1048576K
Event: 12.646 GC heap after
Heap after GC invocations=13 (full 2):
 PSYoungGen      total 141312K, used 11758K [0x00000000eb200000, 0x00000000f7480000, 0x0000000100000000)
  eden space 129536K, 0% used [0x00000000eb200000,0x00000000eb200000,0x00000000f3080000)
  from space 11776K, 99% used [0x00000000f3080000,0x00000000f3bfbba8,0x00000000f3c00000)
  to   space 16896K, 0% used [0x00000000f6400000,0x00000000f6400000,0x00000000f7480000)
 ParOldGen       total 62976K, used 30117K [0x00000000c1600000, 0x00000000c5380000, 0x00000000eb200000)
  object space 62976K, 47% used [0x00000000c1600000,0x00000000c3369708,0x00000000c5380000)
 Metaspace       used 56495K, capacity 58984K, committed 59160K, reserved 1099776K
  class space    used 7725K, capacity 8164K, committed 8232K, reserved 1048576K
}
Event: 12.720 GC heap before
{Heap before GC invocations=14 (full 2):
 PSYoungGen      total 141312K, used 14162K [0x00000000eb200000, 0x00000000f7480000, 0x0000000100000000)
  eden space 129536K, 1% used [0x00000000eb200000,0x00000000eb459010,0x00000000f3080000)
  from space 11776K, 99% used [0x00000000f3080000,0x00000000f3bfbba8,0x00000000f3c00000)
  to   space 16896K, 0% used [0x00000000f6400000,0x00000000f6400000,0x00000000f7480000)
 ParOldGen       total 62976K, used 30117K [0x00000000c1600000, 0x00000000c5380000, 0x00000000eb200000)
  object space 62976K, 47% used [0x00000000c1600000,0x00000000c3369708,0x00000000c5380000)
 Metaspace       used 56643K, capacity 59080K, committed 59160K, reserved 1099776K
  class space    used 7745K, capacity 8196K, committed 8232K, reserved 1048576K
Event: 12.739 GC heap after
Heap after GC invocations=14 (full 2):
 PSYoungGen      total 182784K, used 4808K [0x00000000eb200000, 0x00000000f8c00000, 0x0000000100000000)
  eden space 165888K, 0% used [0x00000000eb200000,0x00000000eb200000,0x00000000f5400000)
  from space 16896K, 28% used [0x00000000f6400000,0x00000000f68b2060,0x00000000f7480000)
  to   space 16384K, 0% used [0x00000000f5400000,0x00000000f5400000,0x00000000f6400000)
 ParOldGen       total 62976K, used 33022K [0x00000000c1600000, 0x00000000c5380000, 0x00000000eb200000)
  object space 62976K, 52% used [0x00000000c1600000,0x00000000c363f960,0x00000000c5380000)
 Metaspace       used 56643K, capacity 59080K, committed 59160K, reserved 1099776K
  class space    used 7745K, capacity 8196K, committed 8232K, reserved 1048576K
}
Event: 12.739 GC heap before
{Heap before GC invocations=15 (full 3):
 PSYoungGen      total 182784K, used 4808K [0x00000000eb200000, 0x00000000f8c00000, 0x0000000100000000)
  eden space 165888K, 0% used [0x00000000eb200000,0x00000000eb200000,0x00000000f5400000)
  from space 16896K, 28% used [0x00000000f6400000,0x00000000f68b2060,0x00000000f7480000)
  to   space 16384K, 0% used [0x00000000f5400000,0x00000000f5400000,0x00000000f6400000)
 ParOldGen       total 62976K, used 33022K [0x00000000c1600000, 0x00000000c5380000, 0x00000000eb200000)
  object space 62976K, 52% used [0x00000000c1600000,0x00000000c363f960,0x00000000c5380000)
 Metaspace       used 56643K, capacity 59080K, committed 59160K, reserved 1099776K
  class space    used 7745K, capacity 8196K, committed 8232K, reserved 1048576K
Event: 12.897 GC heap after
Heap after GC invocations=15 (full 3):
 PSYoungGen      total 182784K, used 0K [0x00000000eb200000, 0x00000000f8c00000, 0x0000000100000000)
  eden space 165888K, 0% used [0x00000000eb200000,0x00000000eb200000,0x00000000f5400000)
  from space 16896K, 0% used [0x00000000f6400000,0x00000000f6400000,0x00000000f7480000)
  to   space 16384K, 0% used [0x00000000f5400000,0x00000000f5400000,0x00000000f6400000)
 ParOldGen       total 74240K, used 23886K [0x00000000c1600000, 0x00000000c5e80000, 0x00000000eb200000)
  object space 74240K, 32% used [0x00000000c1600000,0x00000000c2d53860,0x00000000c5e80000)
 Metaspace       used 56643K, capacity 59080K, committed 59160K, reserved 1099776K
  class space    used 7745K, capacity 8196K, committed 8232K, reserved 1048576K
}
Event: 20.706 GC heap before
{Heap before GC invocations=16 (full 3):
 PSYoungGen      total 182784K, used 165888K [0x00000000eb200000, 0x00000000f8c00000, 0x0000000100000000)
  eden space 165888K, 100% used [0x00000000eb200000,0x00000000f5400000,0x00000000f5400000)
  from space 16896K, 0% used [0x00000000f6400000,0x00000000f6400000,0x00000000f7480000)
  to   space 16384K, 0% used [0x00000000f5400000,0x00000000f5400000,0x00000000f6400000)
 ParOldGen       total 74240K, used 23886K [0x00000000c1600000, 0x00000000c5e80000, 0x00000000eb200000)
  object space 74240K, 32% used [0x00000000c1600000,0x00000000c2d53860,0x00000000c5e80000)
 Metaspace       used 64089K, capacity 67148K, committed 67480K, reserved 1107968K
  class space    used 8522K, capacity 9018K, committed 9128K, reserved 1048576K
Event: 20.728 GC heap after
Heap after GC invocations=16 (full 3):
 PSYoungGen      total 182272K, used 8525K [0x00000000eb200000, 0x00000000fb480000, 0x0000000100000000)
  eden space 165888K, 0% used [0x00000000eb200000,0x00000000eb200000,0x00000000f5400000)
  from space 16384K, 52% used [0x00000000f5400000,0x00000000f5c537d8,0x00000000f6400000)
  to   space 15872K, 0% used [0x00000000fa500000,0x00000000fa500000,0x00000000fb480000)
 ParOldGen       total 74240K, used 23894K [0x00000000c1600000, 0x00000000c5e80000, 0x00000000eb200000)
  object space 74240K, 32% used [0x00000000c1600000,0x00000000c2d55860,0x00000000c5e80000)
 Metaspace       used 64089K, capacity 67148K, committed 67480K, reserved 1107968K
  class space    used 8522K, capacity 9018K, committed 9128K, reserved 1048576K
}

